<?xml version="1.0" encoding="UTF-8"?>
<!-- Generated by org.testng.reporters.JUnitReportReporter -->
<testsuite hostname="DESKTOP-8R1FORP" failures="0" tests="2" name="testClasses.LambdaTest" time="26.919" errors="0" timestamp="2022-05-13T10:02:55 IST" skipped="0">
  <testcase classname="testClasses.LambdaTest" name="verifyTittleTest" time="17.649"/>
  <system-out/>
  <testcase classname="testClasses.LambdaTest" name="loginLambdaTest" time="9.270"/>
  <system-out/>
</testsuite> <!-- testClasses.LambdaTest -->
