<?xml version="1.0" encoding="UTF-8"?>
<!-- Generated by org.testng.reporters.JUnitReportReporter -->
<testsuite hostname="DESKTOP-8R1FORP" failures="0" tests="1" name="sampleDemo.SecondTest" time="0.026" errors="0" timestamp="2022-05-05T12:48:43 IST" skipped="0">
  <testcase classname="sampleDemo.SecondTest" name="verifyHomepageTitle" time="0.026"/>
  <system-out/>
</testsuite> <!-- sampleDemo.SecondTest -->
