<?xml version="1.0" encoding="UTF-8"?>
<!-- Generated by org.testng.reporters.JUnitReportReporter -->
<testsuite hostname="DESKTOP-8R1FORP" failures="0" tests="2" name="testClasses.SecondTest" time="12.563" errors="0" timestamp="2022-05-05T13:17:00 IST" skipped="0">
  <testcase classname="testClasses.SecondTest" name="LoginLambda" time="0.599"/>
  <system-out/>
  <testcase classname="testClasses.SecondTest" name="NavigateAutomation" time="11.964"/>
  <system-out/>
</testsuite> <!-- testClasses.SecondTest -->
