<?xml version="1.0" encoding="UTF-8"?>
<!-- Generated by org.testng.reporters.JUnitReportReporter -->
<testsuite hostname="DESKTOP-8R1FORP" failures="0" tests="2" name="testClasses.LambdaTest" time="12.477" errors="0" timestamp="2022-05-13T13:07:20 IST" skipped="0">
  <testcase classname="testClasses.LambdaTest" name="verifyTittleTest" time="5.482"/>
  <system-out/>
  <testcase classname="testClasses.LambdaTest" name="loginLambdaTest" time="6.995"/>
  <system-out/>
</testsuite> <!-- testClasses.LambdaTest -->
