<?xml version="1.0" encoding="UTF-8"?>
<!-- Generated by org.testng.reporters.JUnitReportReporter -->
<testsuite hostname="DESKTOP-8R1FORP" failures="0" tests="1" name="sampleDemo.FirstTest" time="5.726" errors="0" timestamp="2022-05-05T11:53:57 IST" skipped="0">
  <testcase classname="sampleDemo.FirstTest" name="sampleTestMethod" time="5.726"/>
  <system-out/>
</testsuite> <!-- sampleDemo.FirstTest -->
