<?xml version="1.0" encoding="UTF-8"?>
<!-- Generated by org.testng.reporters.JUnitReportReporter -->
<testsuite hostname="DESKTOP-8R1FORP" failures="0" tests="2" name="testClasses.LambdaTest" time="21.325" errors="0" timestamp="2022-05-13T12:53:19 IST" skipped="0">
  <testcase classname="testClasses.LambdaTest" name="verifyTittleTest" time="10.602"/>
  <system-out/>
  <testcase classname="testClasses.LambdaTest" name="loginLambdaTest" time="10.723"/>
  <system-out/>
</testsuite> <!-- testClasses.LambdaTest -->
